This is pdfTeX, Version 3.141592653-2.6-1.40.24 (MiKTeX 23.1) (preloaded format=pdflatex 2023.2.21)  27 FEB 2023 16:47
entering extended mode
 restricted \write18 enabled.
 %&-line parsing enabled.
**"./Managing Big Data Second Assigment.tex"
(Managing Big Data Second Assigment.tex
LaTeX2e <2022-11-01> patch level 1
L3 programming layer <2023-02-02>
(C:\Users\Panagiotis\AppData\Local\Programs\MiKTeX\tex/latex/base\article.cls
Document Class: article 2022/07/02 v1.4n Standard LaTeX document class
(C:\Users\Panagiotis\AppData\Local\Programs\MiKTeX\tex/latex/base\size10.clo
File: size10.clo 2022/07/02 v1.4n Standard LaTeX file (size option)
)
\c@part=\count185
\c@section=\count186
\c@subsection=\count187
\c@subsubsection=\count188
\c@paragraph=\count189
\c@subparagraph=\count190
\c@figure=\count191
\c@table=\count192
\abovecaptionskip=\skip48
\belowcaptionskip=\skip49
\bibindent=\dimen140
)
(C:\Users\Panagiotis\AppData\Local\Programs\MiKTeX\tex/latex/base\inputenc.sty
Package: inputenc 2021/02/14 v1.3d Input encoding file
\inpenc@prehook=\toks16
\inpenc@posthook=\toks17
)
(C:\Users\Panagiotis\AppData\Local\Programs\MiKTeX\tex/latex/listings\listings.
sty
(C:\Users\Panagiotis\AppData\Local\Programs\MiKTeX\tex/latex/graphics\keyval.st
y
Package: keyval 2022/05/29 v1.15 key=value parser (DPC)
\KV@toks@=\toks18
)
\lst@mode=\count193
\lst@gtempboxa=\box51
\lst@token=\toks19
\lst@length=\count194
\lst@currlwidth=\dimen141
\lst@column=\count195
\lst@pos=\count196
\lst@lostspace=\dimen142
\lst@width=\dimen143
\lst@newlines=\count197
\lst@lineno=\count198
\lst@maxwidth=\dimen144

(C:\Users\Panagiotis\AppData\Local\Programs\MiKTeX\tex/latex/listings\lstmisc.s
ty
File: lstmisc.sty 2020/03/24 1.8d (Carsten Heinz)
\c@lstnumber=\count199
\lst@skipnumbers=\count266
\lst@framebox=\box52
)
(C:\Users\Panagiotis\AppData\Local\Programs\MiKTeX\tex/latex/listings\listings.
cfg
File: listings.cfg 2020/03/24 1.8d listings configuration
))
Package: listings 2020/03/24 1.8d (Carsten Heinz)

(C:\Users\Panagiotis\AppData\Local\Programs\MiKTeX\tex/latex/base\fontenc.sty
Package: fontenc 2021/04/29 v2.0v Standard LaTeX package
)
(C:\Users\Panagiotis\AppData\Local\Programs\MiKTeX\tex/latex/amsmath\amsmath.st
y
Package: amsmath 2022/04/08 v2.17n AMS math features
\@mathmargin=\skip50

For additional information on amsmath, use the `?' option.

(C:\Users\Panagiotis\AppData\Local\Programs\MiKTeX\tex/latex/amsmath\amstext.st
y
Package: amstext 2021/08/26 v2.01 AMS text

(C:\Users\Panagiotis\AppData\Local\Programs\MiKTeX\tex/latex/amsmath\amsgen.sty
File: amsgen.sty 1999/11/30 v2.0 generic functions
\@emptytoks=\toks20
\ex@=\dimen145
))
(C:\Users\Panagiotis\AppData\Local\Programs\MiKTeX\tex/latex/amsmath\amsbsy.sty
Package: amsbsy 1999/11/29 v1.2d Bold Symbols
\pmbraise@=\dimen146
)
(C:\Users\Panagiotis\AppData\Local\Programs\MiKTeX\tex/latex/amsmath\amsopn.sty
Package: amsopn 2022/04/08 v2.04 operator names
)
\inf@bad=\count267
LaTeX Info: Redefining \frac on input line 234.
\uproot@=\count268
\leftroot@=\count269
LaTeX Info: Redefining \overline on input line 399.
LaTeX Info: Redefining \colon on input line 410.
\classnum@=\count270
\DOTSCASE@=\count271
LaTeX Info: Redefining \ldots on input line 496.
LaTeX Info: Redefining \dots on input line 499.
LaTeX Info: Redefining \cdots on input line 620.
\Mathstrutbox@=\box53
\strutbox@=\box54
LaTeX Info: Redefining \big on input line 722.
LaTeX Info: Redefining \Big on input line 723.
LaTeX Info: Redefining \bigg on input line 724.
LaTeX Info: Redefining \Bigg on input line 725.
\big@size=\dimen147
LaTeX Font Info:    Redeclaring font encoding OML on input line 743.
LaTeX Font Info:    Redeclaring font encoding OMS on input line 744.
\macc@depth=\count272
LaTeX Info: Redefining \bmod on input line 905.
LaTeX Info: Redefining \pmod on input line 910.
LaTeX Info: Redefining \smash on input line 940.
LaTeX Info: Redefining \relbar on input line 970.
LaTeX Info: Redefining \Relbar on input line 971.
\c@MaxMatrixCols=\count273
\dotsspace@=\muskip16
\c@parentequation=\count274
\dspbrk@lvl=\count275
\tag@help=\toks21
\row@=\count276
\column@=\count277
\maxfields@=\count278
\andhelp@=\toks22
\eqnshift@=\dimen148
\alignsep@=\dimen149
\tagshift@=\dimen150
\tagwidth@=\dimen151
\totwidth@=\dimen152
\lineht@=\dimen153
\@envbody=\toks23
\multlinegap=\skip51
\multlinetaggap=\skip52
\mathdisplay@stack=\toks24
LaTeX Info: Redefining \[ on input line 2953.
LaTeX Info: Redefining \] on input line 2954.
)
(C:\Users\Panagiotis\AppData\Local\Programs\MiKTeX\tex/latex/amsfonts\amssymb.s
ty
Package: amssymb 2013/01/14 v3.01 AMS font symbols

(C:\Users\Panagiotis\AppData\Local\Programs\MiKTeX\tex/latex/amsfonts\amsfonts.
sty
Package: amsfonts 2013/01/14 v3.01 Basic AMSFonts support
\symAMSa=\mathgroup4
\symAMSb=\mathgroup5
LaTeX Font Info:    Redeclaring math symbol \hbar on input line 98.
LaTeX Font Info:    Overwriting math alphabet `\mathfrak' in version `bold'
(Font)                  U/euf/m/n --> U/euf/b/n on input line 106.
))
(C:\Users\Panagiotis\AppData\Local\Programs\MiKTeX\tex/latex/graphics\graphicx.
sty
Package: graphicx 2021/09/16 v1.2d Enhanced LaTeX Graphics (DPC,SPQR)

(C:\Users\Panagiotis\AppData\Local\Programs\MiKTeX\tex/latex/graphics\graphics.
sty
Package: graphics 2022/03/10 v1.4e Standard LaTeX Graphics (DPC,SPQR)

(C:\Users\Panagiotis\AppData\Local\Programs\MiKTeX\tex/latex/graphics\trig.sty
Package: trig 2021/08/11 v1.11 sin cos tan (DPC)
)
(C:\Users\Panagiotis\AppData\Local\Programs\MiKTeX\tex/latex/graphics-cfg\graph
ics.cfg
File: graphics.cfg 2016/06/04 v1.11 sample graphics configuration
)
Package graphics Info: Driver file: pdftex.def on input line 107.

(C:\Users\Panagiotis\AppData\Local\Programs\MiKTeX\tex/latex/graphics-def\pdfte
x.def
File: pdftex.def 2022/09/22 v1.2b Graphics/color driver for pdftex
))
\Gin@req@height=\dimen154
\Gin@req@width=\dimen155
)
(C:\Users\Panagiotis\AppData\Local\Programs\MiKTeX\tex/generic/babel\babel.sty
Package: babel 2022/01/23 3.85 The Babel package
\babel@savecnt=\count279
\U@D=\dimen156
\l@unhyphenated=\language79

(C:\Users\Panagiotis\AppData\Local\Programs\MiKTeX\tex/generic/babel\txtbabel.d
ef)
\bbl@readstream=\read2
\bbl@dirlevel=\count280

*************************************
* Local config file bblopts.cfg used
*
(C:\Users\Panagiotis\AppData\Local\Programs\MiKTeX\tex/latex/arabi\bblopts.cfg
File: bblopts.cfg 2005/09/08 v0.1 add Arabic and Farsi to "declared" options of
 babel
)
(C:\Users\Panagiotis\AppData\Local\Programs\MiKTeX\tex/latex/babel-english\engl
ish.ldf
Language: english 2017/06/06 v3.3r English support from the babel system
Package babel Info: Hyphen rules for 'canadian' set to \l@english
(babel)             (\language0). Reported on input line 102.
Package babel Info: Hyphen rules for 'australian' set to \l@ukenglish
(babel)             (\language73). Reported on input line 105.
Package babel Info: Hyphen rules for 'newzealand' set to \l@ukenglish
(babel)             (\language73). Reported on input line 108.
))
(C:\Users\Panagiotis\AppData\Local\Programs\MiKTeX\tex/generic/babel/locale/en\
babel-english.tex
Package babel Info: Importing font and identification data for english
(babel)             from babel-en.ini. Reported on input line 11.
)
(C:\Users\Panagiotis\AppData\Local\Programs\MiKTeX\tex/generic/iftex\iftex.sty
Package: iftex 2022/02/03 v1.0f TeX engine tests
) (C:\Users\Panagiotis\AppData\Local\Programs\MiKTeX\tex/latex/base\fontenc.sty
Package: fontenc 2021/04/29 v2.0v Standard LaTeX package
)
   defining Unicode char U+200B (decimal 8203)

(C:\Users\Panagiotis\AppData\Local\Programs\MiKTeX\tex/latex/l3backend\l3backen
d-pdftex.def
File: l3backend-pdftex.def 2023-01-16 L3 backend support: PDF output (pdfTeX)
\l__color_backend_stack_int=\count281
\l__pdf_internal_box=\box55
) (Managing Big Data Second Assigment.aux)
\openout1 = `"Managing Big Data Second Assigment.aux"'.

LaTeX Font Info:    Checking defaults for OML/cmm/m/it on input line 21.
LaTeX Font Info:    ... okay on input line 21.
LaTeX Font Info:    Checking defaults for OMS/cmsy/m/n on input line 21.
LaTeX Font Info:    ... okay on input line 21.
LaTeX Font Info:    Checking defaults for OT1/cmr/m/n on input line 21.
LaTeX Font Info:    ... okay on input line 21.
LaTeX Font Info:    Checking defaults for T1/cmr/m/n on input line 21.
LaTeX Font Info:    ... okay on input line 21.
LaTeX Font Info:    Checking defaults for TS1/cmr/m/n on input line 21.
LaTeX Font Info:    ... okay on input line 21.
LaTeX Font Info:    Checking defaults for OMX/cmex/m/n on input line 21.
LaTeX Font Info:    ... okay on input line 21.
LaTeX Font Info:    Checking defaults for U/cmr/m/n on input line 21.
LaTeX Font Info:    ... okay on input line 21.
\c@lstlisting=\count282

(C:\Users\Panagiotis\AppData\Local\Programs\MiKTeX\tex/context/base/mkii\supp-p
df.mkii
[Loading MPS to PDF converter (version 2006.09.02).]
\scratchcounter=\count283
\scratchdimen=\dimen157
\scratchbox=\box56
\nofMPsegments=\count284
\nofMParguments=\count285
\everyMPshowfont=\toks25
\MPscratchCnt=\count286
\MPscratchDim=\dimen158
\MPnumerator=\count287
\makeMPintoPDFobject=\count288
\everyMPtoPDFconversion=\toks26
)
(C:\Users\Panagiotis\AppData\Local\Programs\MiKTeX\tex/latex/epstopdf-pkg\epsto
pdf-base.sty
Package: epstopdf-base 2020-01-24 v2.11 Base part for package epstopdf

(C:\Users\Panagiotis\AppData\Local\Programs\MiKTeX\tex/generic/infwarerr\infwar
err.sty
Package: infwarerr 2019/12/03 v1.5 Providing info/warning/error messages (HO)
)
(C:\Users\Panagiotis\AppData\Local\Programs\MiKTeX\tex/latex/grfext\grfext.sty
Package: grfext 2019/12/03 v1.3 Manage graphics extensions (HO)

(C:\Users\Panagiotis\AppData\Local\Programs\MiKTeX\tex/generic/kvdefinekeys\kvd
efinekeys.sty
Package: kvdefinekeys 2019-12-19 v1.6 Define keys (HO)
))
(C:\Users\Panagiotis\AppData\Local\Programs\MiKTeX\tex/latex/kvoptions\kvoption
s.sty
Package: kvoptions 2022-06-15 v3.15 Key value format for package options (HO)

(C:\Users\Panagiotis\AppData\Local\Programs\MiKTeX\tex/generic/ltxcmds\ltxcmds.
sty
Package: ltxcmds 2020-05-10 v1.25 LaTeX kernel commands for general use (HO)
)
(C:\Users\Panagiotis\AppData\Local\Programs\MiKTeX\tex/latex/kvsetkeys\kvsetkey
s.sty
Package: kvsetkeys 2022-10-05 v1.19 Key value parser (HO)
))
(C:\Users\Panagiotis\AppData\Local\Programs\MiKTeX\tex/generic/pdftexcmds\pdfte
xcmds.sty
Package: pdftexcmds 2020-06-27 v0.33 Utility functions of pdfTeX for LuaTeX (HO
)
Package pdftexcmds Info: \pdf@primitive is available.
Package pdftexcmds Info: \pdf@ifprimitive is available.
Package pdftexcmds Info: \pdfdraftmode found.
)
Package epstopdf-base Info: Redefining graphics rule for `.eps' on input line 4
85.
Package grfext Info: Graphics extension search list:
(grfext)             [.pdf,.png,.jpg,.mps,.jpeg,.jbig2,.jb2,.PDF,.PNG,.JPG,.JPE
G,.JBIG2,.JB2,.eps]
(grfext)             \AppendGraphicsExtensions on input line 504.

(C:\Users\Panagiotis\AppData\Local\Programs\MiKTeX\tex/latex/00miktex\epstopdf-
sys.cfg
File: epstopdf-sys.cfg 2021/03/18 v2.0 Configuration of epstopdf for MiKTeX
))
<econpic.png, id=1, 217.81375pt x 232.87pt>
File: econpic.png Graphic file (type png)
<use econpic.png>
Package pdftex.def Info: econpic.png  used on input line 23.
(pdftex.def)             Requested size: 152.46857pt x 163.00787pt.
LaTeX Font Info:    Trying to load font information for U+msa on input line 34.


(C:\Users\Panagiotis\AppData\Local\Programs\MiKTeX\tex/latex/amsfonts\umsa.fd
File: umsa.fd 2013/01/14 v3.01 AMS symbols A
)
LaTeX Font Info:    Trying to load font information for U+msb on input line 34.


(C:\Users\Panagiotis\AppData\Local\Programs\MiKTeX\tex/latex/amsfonts\umsb.fd
File: umsb.fd 2013/01/14 v3.01 AMS symbols B
)
[1

{C:/Users/Panagiotis/AppData/Local/MiKTeX/fonts/map/pdftex/pdftex.map} <./econp
ic.png>] (Managing Big Data Second Assigment.toc)
\tf@toc=\write3
\openout3 = `"Managing Big Data Second Assigment.toc"'.

 [2]
Underfull \hbox (badness 10000) in paragraph at lines 43--48

 []


Overfull \hbox (57.2351pt too wide) in paragraph at lines 43--48
\T1/cmr/m/n/10 ViolentCrimesPerPop=b0+b1medIncome+b2whitePerCap +b3blackPerCap+
b4HispPerCap 
 []


Overfull \hbox (22.66022pt too wide) in paragraph at lines 43--48
\T1/cmr/m/n/10 +b5NumUnderPov +b6PctUnemployed+b7HousVacant+b8MedRent+b9NumStre
et 
 []


Underfull \hbox (badness 10000) in paragraph at lines 43--48

 []


(C:\Users\Panagiotis\AppData\Local\Programs\MiKTeX\tex/latex/listings\lstlang1.
sty
File: lstlang1.sty 2020/03/24 1.8d listings language file
)
(C:\Users\Panagiotis\AppData\Local\Programs\MiKTeX\tex/latex/listings\lstlang2.
sty
File: lstlang2.sty 2020/03/24 1.8d listings language file
)
(C:\Users\Panagiotis\AppData\Local\Programs\MiKTeX\tex/latex/listings\lstlang3.
sty
File: lstlang3.sty 2020/03/24 1.8d listings language file
)
Overfull \hbox (39.35059pt too wide) in paragraph at lines 56--61
\T1/cmr/m/n/10 colnames(communities) <- c("state", "county", "com-mu-nity", "co
m-mu-ni-ty-name","fold",
 []


Overfull \hbox (6.88629pt too wide) in paragraph at lines 56--61
\T1/cmr/m/n/10 "pop-u-la-tion", "house-hold-size", "racepct-black", "racePctWhi
te", "racePc-tAsian",
 []


Overfull \hbox (17.63367pt too wide) in paragraph at lines 56--61
\T1/cmr/m/n/10 "num-bUr-ban", "pc-tUr-ban", "med-In-come", "pct-Wage", "pctW-Fa
rm-Self", "pctWIn-
 []


Overfull \hbox (9.85779pt too wide) in paragraph at lines 56--61
\T1/cmr/m/n/10 Cap-Inc","whitePerCap", "black-Per-Cap", "in-di-an-Per-Cap", "As
ian-Per-Cap", "Oth-
 []


Overfull \hbox (112.24945pt too wide) in paragraph at lines 56--61
\T1/cmr/m/n/10 er-Per-Cap", "Hisp-Per-Cap", "Nu-mUnder-Pov", "Pct-Pop-Un-der-Po
v", "Pct-Less9thGrade","PctNotHSGrad",
 []


Overfull \hbox (68.64899pt too wide) in paragraph at lines 56--61
\T1/cmr/m/n/10 pl-Prof-Serv", "Pc-tOc-cup-Manu", "Pc-tOc-cup-Mgmt-Prof", "MaleP
ct-Di-vorce","MalePctNevMarr",
 []


Overfull \hbox (6.99738pt too wide) in paragraph at lines 56--61
\T1/cmr/m/n/10 "Fe-malePct-Div", "To-talPct-Div", "PersPer-Fam", "Pct-Fam2Par",
 "Pc-tKids2Par",
 []


Overfull \hbox (21.13281pt too wide) in paragraph at lines 56--61
\T1/cmr/m/n/10 "Pc-tY-oungKids2Par", "Pct-Teen2Par", "Pct-Work-MomY-oungKids","
PctWorkMom",
 []


Overfull \hbox (61.95618pt too wide) in paragraph at lines 56--61
\T1/cmr/m/n/10 "Pc-tIm-mi-gRec8", "Pc-tIm-mi-gRec10", "Pc-tRe-cen-tIm-mig", "Pc
-tRec-Im-mig5","PctRecImmig8",
 []


Overfull \hbox (20.10529pt too wide) in paragraph at lines 56--61
\T1/cmr/m/n/10 "Pc-tRec-Im-mig10", "Pct-S-peak-En-glOnly", "Pct-Not-S-peak-Engl
Well", "Pct-LargHouse-
 []


Overfull \hbox (99.4748pt too wide) in paragraph at lines 56--61
\T1/cmr/m/n/10 Fam", "Pct-LargHouse-Oc-cup", "PersPe-r-Oc-cup-Hous", "PersPer-O
wnOc-c-Hous","PersPerRentOccHous",
 []


Overfull \hbox (7.8305pt too wide) in paragraph at lines 56--61
\T1/cmr/m/n/10 "Pct-Per-sOwnOc-cup", "Pct-Pers-Dense-Hous", "Pc-t-Hous-Less3BR"
, "Med-NumBR",
 []


Overfull \hbox (10.35767pt too wide) in paragraph at lines 56--61
\T1/cmr/m/n/10 "Hous-Va-cant", "Pc-t-HousOc-cup", "Pc-t-HousOwnOcc","PctVacantB
oarded", "Pct-
 []


Overfull \hbox (18.078pt too wide) in paragraph at lines 56--61
\T1/cmr/m/n/10 "OwnOc-cLowQuart", "OwnOc-cMed-Val", "OwnOc-cHi-Quart", "Rent-Lo
wQ", "Rent-
 []


Overfull \hbox (4.44244pt too wide) in paragraph at lines 56--61
\T1/cmr/m/n/10 Pct-Inc", "MedOwn-Cost-Pct-Inc-NoMtg","NumInShelters","NumStreet
", "Pct-For-
 []


Overfull \hbox (2.8595pt too wide) in paragraph at lines 56--61
\T1/cmr/m/n/10 "Poli-cRe-qPer-Offic", "PolicPer-Pop", "Racial-Match-Comm-Pol", 
"Pct-PolicWhite",
 []


Overfull \hbox (15.71747pt too wide) in paragraph at lines 56--61
\T1/cmr/m/n/10 s-gn-Dru-gU-nits", "NumKinds-Drugs-Seiz", "Poli-cAveOT-Worked", 
"Lan-dArea", "Pop-
 []


Overfull \hbox (0.7489pt too wide) in paragraph at lines 56--61
\T1/cmr/m/n/10 Dens", "Pc-tUsePub-Trans", "Polic-Cars", "Poli-cOper-Budg", "Lem
asPct-Poli-cOn-
 []


Overfull \hbox (4.73404pt too wide) in paragraph at lines 56--61
\T1/cmr/m/n/10 Patr", "Lemas-Gan-gU-nit-De-ploy", "LemasPctOf-fic-Dru-gUn", "Po
licBudg-Per-Pop",
 []


Underfull \hbox (badness 10000) in paragraph at lines 56--61

 []

[3]
Underfull \hbox (badness 10000) in paragraph at lines 76--79

 []


Underfull \hbox (badness 10000) in paragraph at lines 80--82

 []


Overfull \hbox (29.93622pt too wide) in paragraph at lines 83--99
\T1/cmr/m/n/10 mu-ni-ty-name", "fold", "pop-u-la-tion", "house-hold-size", "rac
epct-black", "racePctWhite",
 []


Overfull \hbox (10.77423pt too wide) in paragraph at lines 83--99
\T1/cmr/m/n/10 Farm-Self", "pctWIn-vInc", "pctWSoc-Sec", "pctW-Pub-Asst", "pctW
Re-tire", "med-
 []


Overfull \hbox (9.24683pt too wide) in paragraph at lines 83--99
\T1/cmr/m/n/10 Fam-Inc", "per-Cap-Inc", "white-Per-Cap", "black-Per-Cap", "in-d
i-an-Per-Cap", "Asian-
 []


Overfull \hbox (10.19104pt too wide) in paragraph at lines 83--99
\T1/cmr/m/n/10 Pov", "Pct-Less9thGrade", "Pct-NotHS-Grad", "PctB-SorMore", "Pc-
tUnem-ployed",
 []


Overfull \hbox (28.88092pt too wide) in paragraph at lines 83--99
\T1/cmr/m/n/10 "To-talPct-Div", "PersPer-Fam", "Pct-Fam2Par", "Pc-tKids2Par", "
Pc-tY-oungKids2Par",
 []


Overfull \hbox (2.193pt too wide) in paragraph at lines 83--99
\T1/cmr/m/n/10 "Pct-Teen2Par", "Pct-Work-MomY-oungKids", "Pct-Work-Mom", "Nu-mI
l-leg", "Pc-
 []


Overfull \hbox (6.7752pt too wide) in paragraph at lines 83--99
\T1/cmr/m/n/10 "Pc-tIm-mi-gRec10", "Pc-tRe-cen-tIm-mig", "Pc-tRec-Im-mig5", "Pc
-tRec-Im-mig8", "Pc-
 []


Overfull \hbox (3.85925pt too wide) in paragraph at lines 83--99
\T1/cmr/m/n/10 tRec-Im-mig10", "Pct-S-peak-En-glOnly", "Pct-Not-S-peak-EnglWell
", "Pct-LargHouse-
 []


Overfull \hbox (3.7204pt too wide) in paragraph at lines 83--99
\T1/cmr/m/n/10 "PersPer-Ren-tOc-c-Hous", "Pct-Per-sOwnOc-cup", "Pct-Pers-Dense-
Hous", "Pc-t-Hous-
 []


Overfull \hbox (8.16376pt too wide) in paragraph at lines 83--99
\T1/cmr/m/n/10 Less3BR", "Med-NumBR", "Hous-Va-cant", "Pc-t-HousOc-cup", "Pc-t-
HousOwnOcc",
 []


Overfull \hbox (10.1355pt too wide) in paragraph at lines 83--99
\T1/cmr/m/n/10 Phone", "Pct-WO-FullPlumb", "OwnOc-cLowQuart", "OwnOc-cMed-Val",
 "OwnOc-
 []


Overfull \hbox (5.49774pt too wide) in paragraph at lines 83--99
\T1/cmr/m/n/10 cHi-Quart", "Rent-LowQ", "Rent-Median", "Ren-tHighQ", "Me-dRent"
, "Me-dRent-
 []


Overfull \hbox (0.30457pt too wide) in paragraph at lines 83--99
\T1/cmr/m/n/10 Poli-cAs-ian", "Pct-PolicMi-nor", "Of-fi-cAs-s-gn-Dru-gU-nits", 
"NumKinds-Drugs-Seiz",
 []


Overfull \hbox (6.83075pt too wide) in paragraph at lines 83--99
\T1/cmr/m/n/10 "LemasPctOf-fic-Dru-gUn", "PolicBudg-Per-Pop", "Vi-o-lentCrimes-
Per-Pop"], axis=1) 
 []


Underfull \hbox (badness 10000) in paragraph at lines 83--99

 []

[4]
Underfull \hbox (badness 10000) in paragraph at lines 100--101

 []


Underfull \hbox (badness 10000) in paragraph at lines 103--105

 []


Overfull \hbox (13.49579pt too wide) in paragraph at lines 106--107
\T1/cmr/m/n/10 Cap","blackPerCap", "Hisp-Per-Cap", "Nu-mUnder-Pov", "Pc-tUnem-p
loyed", "Hous-
 []


Underfull \hbox (badness 10000) in paragraph at lines 106--107

 []


Underfull \hbox (badness 10000) in paragraph at lines 108--109

 []


Underfull \hbox (badness 10000) in paragraph at lines 110--111

 []


Underfull \hbox (badness 10000) in paragraph at lines 112--113

 []


Underfull \hbox (badness 10000) in paragraph at lines 114--117

 []


Underfull \hbox (badness 10000) in paragraph at lines 114--117

 []


Underfull \hbox (badness 10000) in paragraph at lines 118--120

 []


Underfull \hbox (badness 10000) in paragraph at lines 135--138

 []

[5]
Overfull \hbox (128.8879pt too wide) in paragraph at lines 140--141
[][][][][][][][][][][][][][][][][][][][][][][][][][][][][][][][][][][][][][][] 

 []


Underfull \hbox (badness 10000) in paragraph at lines 144--145

 []


Underfull \hbox (badness 10000) in paragraph at lines 146--150

 []


Overfull \hbox (62.9035pt too wide) in paragraph at lines 151--152
[][][][][][][][][][][][][][][][][][][][] 
 []


Overfull \hbox (104.89357pt too wide) in paragraph at lines 158--159
[][][][][][][][][][][][][][][][][][][][][][][][][][][][][][][][][][][][] 
 []


Overfull \hbox (8.91628pt too wide) in paragraph at lines 162--163
[][][][][][][][][][][][][][][][][][][][][][][][][][][][][] 
 []


Overfull \hbox (104.89357pt too wide) in paragraph at lines 163--164
[][][][][][][][][][][][][][][][][][][][][][][][][][][][][][][][] 
 []


Overfull \hbox (7.85828pt too wide) in paragraph at lines 168--183
\T1/cmr/m/n/10 en-gine='python') com-mu-ni-ties = com-mu-ni-ties.set_axis(["sta
te", "county", "com-
 []


Overfull \hbox (38.85071pt too wide) in paragraph at lines 168--183
\T1/cmr/m/n/10 black", "racePctWhite", "racePc-tAsian", "racePc-tHisp", "agePct
12t21", "agePct12t29",
 []


Overfull \hbox (1.08215pt too wide) in paragraph at lines 168--183
\T1/cmr/m/n/10 "agePct16t24", "agePct65up", "num-bUr-ban", "pc-tUr-ban", "med-I
n-come", "pct-
 []


Overfull \hbox (25.7428pt too wide) in paragraph at lines 168--183
\T1/cmr/m/n/10 Wage", "pctW-Farm-Self", "pctWIn-vInc", "pctWSoc-Sec", "pctW-Pub
-Asst", "pctWRe-
 []


Overfull \hbox (6.99738pt too wide) in paragraph at lines 168--183
\T1/cmr/m/n/10 "Fe-malePct-Div", "To-talPct-Div", "PersPer-Fam", "Pct-Fam2Par",
 "Pc-tKids2Par",
 []


Overfull \hbox (24.2154pt too wide) in paragraph at lines 168--183
\T1/cmr/m/n/10 "Me-dYr-Hous-Built", "Pc-t-HousNo-Phone", "Pct-WO-FullPlumb", "O
wnOc-cLowQuart",
 []


Overfull \hbox (10.91309pt too wide) in paragraph at lines 168--183
\T1/cmr/m/n/10 tHighQ", "Me-dRent", "Me-dRent-Pc-t-Hous-Inc", "MedOwn-Cost-Pct-
Inc", "MedOwn-
 []


Overfull \hbox (20.54962pt too wide) in paragraph at lines 168--183
\T1/cmr/m/n/10 Offic", "PolicPer-Pop", "Racial-Match-Comm-Pol", "Pct-PolicWhite
", "Pct-PolicBlack",
 []


Overfull \hbox (44.37714pt too wide) in paragraph at lines 168--183
\T1/cmr/m/n/10 "Pct-PolicHisp", "Pct-Poli-cAs-ian", "Pct-PolicMi-nor", "Of-fi-c
As-s-gn-Dru-gU-nits", "NumKinds-
 []


Overfull \hbox (8.2193pt too wide) in paragraph at lines 168--183
\T1/cmr/m/n/10 Drugs-Seiz", "Poli-cAveOT-Worked", "Lan-dArea", "Pop-Dens", "Pc-
tUsePub-Trans",
 []

[6]
Underfull \hbox (badness 10000) in paragraph at lines 186--188

 []


Overfull \hbox (62.9035pt too wide) in paragraph at lines 189--191
[][][][][][][][][][][][][][] 
 []


Overfull \hbox (50.90634pt too wide) in paragraph at lines 191--193
[][][][][][][][][][][][][][][][][][][] 
 []


Underfull \hbox (badness 10000) in paragraph at lines 195--197

 []


Underfull \hbox (badness 10000) in paragraph at lines 206--207

 []


Overfull \hbox (92.89641pt too wide) in paragraph at lines 209--210
[][][][][][][][][][][][][][][][][][] 
 []

<Figure_1.png, id=32, 462.528pt x 346.896pt>
File: Figure_1.png Graphic file (type png)
<use Figure_1.png>
Package pdftex.def Info: Figure_1.png  used on input line 223.
(pdftex.def)             Requested size: 462.52686pt x 346.89514pt.
[7] [8 <./Figure_1.png>] [9]
Underfull \hbox (badness 10000) in paragraph at lines 277--278

 []

[10]
! Extra }, or forgotten $.
<recently read> \egroup 
                        
l.307 		\item \emph $
                     y_i = b_0 + b_1X_{1i} + b_2X_{2i} + ... $
I've deleted a group-closing symbol because it seems to be
spurious, as in `$x}$'. But perhaps the } is legitimate and
you forgot something else, as in `\hbox{$x}'. In such cases
the way to recover is to insert both the forgotten and the
deleted material, e.g., by typing `I$}'.

! Extra }, or forgotten $.
<recently read> \egroup 
                        
l.308 		\item \emph $
                     y_i = b_0 + b_1X_{1i} + b_2X_{2i} + b_3X_{1i}X_{2i} ... $
I've deleted a group-closing symbol because it seems to be
spurious, as in `$x}$'. But perhaps the } is legitimate and
you forgot something else, as in `\hbox{$x}'. In such cases
the way to recover is to insert both the forgotten and the
deleted material, e.g., by typing `I$}'.

! Extra }, or forgotten $.
<recently read> \egroup 
                        
l.309 		\item \emph $
                     y_i = b_0 + b_1X_{1i} + b_2X_{2i} +b_3X_{3i} + b_4X_{1i...
I've deleted a group-closing symbol because it seems to be
spurious, as in `$x}$'. But perhaps the } is legitimate and
you forgot something else, as in `\hbox{$x}'. In such cases
the way to recover is to insert both the forgotten and the
deleted material, e.g., by typing `I$}'.

! Missing } inserted.
<inserted text> 
                }
l.310 	\end{itemize}
                    
I've inserted something that you may have forgotten.
(See the <inserted text> above.)
With luck, this will get me unwedged. But if you
really didn't forget anything, try typing `2' now; then
my insertion and my current dilemma will both disappear.

! Missing } inserted.
<inserted text> 
                }
l.310 	\end{itemize}
                    
I've inserted something that you may have forgotten.
(See the <inserted text> above.)
With luck, this will get me unwedged. But if you
really didn't forget anything, try typing `2' now; then
my insertion and my current dilemma will both disappear.

! Missing } inserted.
<inserted text> 
                }
l.310 	\end{itemize}
                    
I've inserted something that you may have forgotten.
(See the <inserted text> above.)
With luck, this will get me unwedged. But if you
really didn't forget anything, try typing `2' now; then
my insertion and my current dilemma will both disappear.


Underfull \hbox (badness 10000) in paragraph at lines 313--314

 []

[11]
Overfull \hbox (32.9106pt too wide) in paragraph at lines 325--327
[][][][][][][][][][][][][][][][][][][][][][][][][][] 
 []


Overfull \hbox (170.87796pt too wide) in paragraph at lines 327--329
[][][][][][][][][][][][][][][][][][][][][][][][][] 
 []


Overfull \hbox (38.90918pt too wide) in paragraph at lines 337--338
[][][][][][][][][][][][][][][][][][][][] 
 []


Overfull \hbox (2.9177pt too wide) in paragraph at lines 344--345
[][][][][][][][][][][][][][][][][][][] 
 []


Overfull \hbox (170.87796pt too wide) in paragraph at lines 351--353
[][][][][][][][][][][][][][][][][][][][][][][][] 
 []


Overfull \hbox (170.87796pt too wide) in paragraph at lines 355--357
[][][][][][][][][][][][][][][][][][] 
 []


Overfull \hbox (68.90208pt too wide) in paragraph at lines 359--362
[][][][][][][][][][][][][][][][][][][][][][][][][][][][][][] 
 []

[12]

! LaTeX Error: Unknown float option `r'.

See the LaTeX manual or LaTeX Companion for explanation.
Type  H <return>  for immediate help.
 ...                                              
                                                  
l.367 ...ble}[results of the least squares method]
                                                  
Option `r' ignored and `p' used.


! LaTeX Error: Unknown float option `e'.

See the LaTeX manual or LaTeX Companion for explanation.
Type  H <return>  for immediate help.
 ...                                              
                                                  
l.367 ...ble}[results of the least squares method]
                                                  
Option `e' ignored and `p' used.


! LaTeX Error: Unknown float option `s'.

See the LaTeX manual or LaTeX Companion for explanation.
Type  H <return>  for immediate help.
 ...                                              
                                                  
l.367 ...ble}[results of the least squares method]
                                                  
Option `s' ignored and `p' used.


! LaTeX Error: Unknown float option `u'.

See the LaTeX manual or LaTeX Companion for explanation.
Type  H <return>  for immediate help.
 ...                                              
                                                  
l.367 ...ble}[results of the least squares method]
                                                  
Option `u' ignored and `p' used.


! LaTeX Error: Unknown float option `l'.

See the LaTeX manual or LaTeX Companion for explanation.
Type  H <return>  for immediate help.
 ...                                              
                                                  
l.367 ...ble}[results of the least squares method]
                                                  
Option `l' ignored and `p' used.


! LaTeX Error: Unknown float option `s'.

See the LaTeX manual or LaTeX Companion for explanation.
Type  H <return>  for immediate help.
 ...                                              
                                                  
l.367 ...ble}[results of the least squares method]
                                                  
Option `s' ignored and `p' used.


! LaTeX Error: Unknown float option `o'.

See the LaTeX manual or LaTeX Companion for explanation.
Type  H <return>  for immediate help.
 ...                                              
                                                  
l.367 ...ble}[results of the least squares method]
                                                  
Option `o' ignored and `p' used.


! LaTeX Error: Unknown float option `f'.

See the LaTeX manual or LaTeX Companion for explanation.
Type  H <return>  for immediate help.
 ...                                              
                                                  
l.367 ...ble}[results of the least squares method]
                                                  
Option `f' ignored and `p' used.


! LaTeX Error: Unknown float option `e'.

See the LaTeX manual or LaTeX Companion for explanation.
Type  H <return>  for immediate help.
 ...                                              
                                                  
l.367 ...ble}[results of the least squares method]
                                                  
Option `e' ignored and `p' used.


! LaTeX Error: Unknown float option `l'.

See the LaTeX manual or LaTeX Companion for explanation.
Type  H <return>  for immediate help.
 ...                                              
                                                  
l.367 ...ble}[results of the least squares method]
                                                  
Option `l' ignored and `p' used.


! LaTeX Error: Unknown float option `e'.

See the LaTeX manual or LaTeX Companion for explanation.
Type  H <return>  for immediate help.
 ...                                              
                                                  
l.367 ...ble}[results of the least squares method]
                                                  
Option `e' ignored and `p' used.


! LaTeX Error: Unknown float option `a'.

See the LaTeX manual or LaTeX Companion for explanation.
Type  H <return>  for immediate help.
 ...                                              
                                                  
l.367 ...ble}[results of the least squares method]
                                                  
Option `a' ignored and `p' used.


! LaTeX Error: Unknown float option `s'.

See the LaTeX manual or LaTeX Companion for explanation.
Type  H <return>  for immediate help.
 ...                                              
                                                  
l.367 ...ble}[results of the least squares method]
                                                  
Option `s' ignored and `p' used.


! LaTeX Error: Unknown float option `s'.

See the LaTeX manual or LaTeX Companion for explanation.
Type  H <return>  for immediate help.
 ...                                              
                                                  
l.367 ...ble}[results of the least squares method]
                                                  
Option `s' ignored and `p' used.


! LaTeX Error: Unknown float option `q'.

See the LaTeX manual or LaTeX Companion for explanation.
Type  H <return>  for immediate help.
 ...                                              
                                                  
l.367 ...ble}[results of the least squares method]
                                                  
Option `q' ignored and `p' used.


! LaTeX Error: Unknown float option `u'.

See the LaTeX manual or LaTeX Companion for explanation.
Type  H <return>  for immediate help.
 ...                                              
                                                  
l.367 ...ble}[results of the least squares method]
                                                  
Option `u' ignored and `p' used.


! LaTeX Error: Unknown float option `a'.

See the LaTeX manual or LaTeX Companion for explanation.
Type  H <return>  for immediate help.
 ...                                              
                                                  
l.367 ...ble}[results of the least squares method]
                                                  
Option `a' ignored and `p' used.


! LaTeX Error: Unknown float option `r'.

See the LaTeX manual or LaTeX Companion for explanation.
Type  H <return>  for immediate help.
 ...                                              
                                                  
l.367 ...ble}[results of the least squares method]
                                                  
Option `r' ignored and `p' used.


! LaTeX Error: Unknown float option `e'.

See the LaTeX manual or LaTeX Companion for explanation.
Type  H <return>  for immediate help.
 ...                                              
                                                  
l.367 ...ble}[results of the least squares method]
                                                  
Option `e' ignored and `p' used.


! LaTeX Error: Unknown float option `s'.

See the LaTeX manual or LaTeX Companion for explanation.
Type  H <return>  for immediate help.
 ...                                              
                                                  
l.367 ...ble}[results of the least squares method]
                                                  
Option `s' ignored and `p' used.


! LaTeX Error: Unknown float option `m'.

See the LaTeX manual or LaTeX Companion for explanation.
Type  H <return>  for immediate help.
 ...                                              
                                                  
l.367 ...ble}[results of the least squares method]
                                                  
Option `m' ignored and `p' used.


! LaTeX Error: Unknown float option `e'.

See the LaTeX manual or LaTeX Companion for explanation.
Type  H <return>  for immediate help.
 ...                                              
                                                  
l.367 ...ble}[results of the least squares method]
                                                  
Option `e' ignored and `p' used.


! LaTeX Error: Unknown float option `o'.

See the LaTeX manual or LaTeX Companion for explanation.
Type  H <return>  for immediate help.
 ...                                              
                                                  
l.367 ...ble}[results of the least squares method]
                                                  
Option `o' ignored and `p' used.


! LaTeX Error: Unknown float option `d'.

See the LaTeX manual or LaTeX Companion for explanation.
Type  H <return>  for immediate help.
 ...                                              
                                                  
l.367 ...ble}[results of the least squares method]
                                                  
Option `d' ignored and `p' used.


! LaTeX Error: Illegal character in array arg.

See the LaTeX manual or LaTeX Companion for explanation.
Type  H <return>  for immediate help.
 ...                                              
                                                  
l.368 		\begin{tabular}{1|1|1|1|1}
                                  
You're in trouble here.  Try typing  <return>  to proceed.
If that doesn't work, type  X <return>  to quit.


! LaTeX Error: Illegal character in array arg.

See the LaTeX manual or LaTeX Companion for explanation.
Type  H <return>  for immediate help.
 ...                                              
                                                  
l.368 		\begin{tabular}{1|1|1|1|1}
                                  
You're in trouble here.  Try typing  <return>  to proceed.
If that doesn't work, type  X <return>  to quit.


! LaTeX Error: Illegal character in array arg.

See the LaTeX manual or LaTeX Companion for explanation.
Type  H <return>  for immediate help.
 ...                                              
                                                  
l.368 		\begin{tabular}{1|1|1|1|1}
                                  
You're in trouble here.  Try typing  <return>  to proceed.
If that doesn't work, type  X <return>  to quit.


! LaTeX Error: Illegal character in array arg.

See the LaTeX manual or LaTeX Companion for explanation.
Type  H <return>  for immediate help.
 ...                                              
                                                  
l.368 		\begin{tabular}{1|1|1|1|1}
                                  
You're in trouble here.  Try typing  <return>  to proceed.
If that doesn't work, type  X <return>  to quit.


! LaTeX Error: Illegal character in array arg.

See the LaTeX manual or LaTeX Companion for explanation.
Type  H <return>  for immediate help.
 ...                                              
                                                  
l.368 		\begin{tabular}{1|1|1|1|1}
                                  
You're in trouble here.  Try typing  <return>  to proceed.
If that doesn't work, type  X <return>  to quit.


! LaTeX Error: Unknown float option `r'.

See the LaTeX manual or LaTeX Companion for explanation.
Type  H <return>  for immediate help.
 ...                                              
                                                  
l.377 ...gin{table}[results of the Step Down Beam]
                                                  
Option `r' ignored and `p' used.


! LaTeX Error: Unknown float option `e'.

See the LaTeX manual or LaTeX Companion for explanation.
Type  H <return>  for immediate help.
 ...                                              
                                                  
l.377 ...gin{table}[results of the Step Down Beam]
                                                  
Option `e' ignored and `p' used.


! LaTeX Error: Unknown float option `s'.

See the LaTeX manual or LaTeX Companion for explanation.
Type  H <return>  for immediate help.
 ...                                              
                                                  
l.377 ...gin{table}[results of the Step Down Beam]
                                                  
Option `s' ignored and `p' used.


! LaTeX Error: Unknown float option `u'.

See the LaTeX manual or LaTeX Companion for explanation.
Type  H <return>  for immediate help.
 ...                                              
                                                  
l.377 ...gin{table}[results of the Step Down Beam]
                                                  
Option `u' ignored and `p' used.


! LaTeX Error: Unknown float option `l'.

See the LaTeX manual or LaTeX Companion for explanation.
Type  H <return>  for immediate help.
 ...                                              
                                                  
l.377 ...gin{table}[results of the Step Down Beam]
                                                  
Option `l' ignored and `p' used.


! LaTeX Error: Unknown float option `s'.

See the LaTeX manual or LaTeX Companion for explanation.
Type  H <return>  for immediate help.
 ...                                              
                                                  
l.377 ...gin{table}[results of the Step Down Beam]
                                                  
Option `s' ignored and `p' used.


! LaTeX Error: Unknown float option `o'.

See the LaTeX manual or LaTeX Companion for explanation.
Type  H <return>  for immediate help.
 ...                                              
                                                  
l.377 ...gin{table}[results of the Step Down Beam]
                                                  
Option `o' ignored and `p' used.


! LaTeX Error: Unknown float option `f'.

See the LaTeX manual or LaTeX Companion for explanation.
Type  H <return>  for immediate help.
 ...                                              
                                                  
l.377 ...gin{table}[results of the Step Down Beam]
                                                  
Option `f' ignored and `p' used.


! LaTeX Error: Unknown float option `e'.

See the LaTeX manual or LaTeX Companion for explanation.
Type  H <return>  for immediate help.
 ...                                              
                                                  
l.377 ...gin{table}[results of the Step Down Beam]
                                                  
Option `e' ignored and `p' used.


! LaTeX Error: Unknown float option `S'.

See the LaTeX manual or LaTeX Companion for explanation.
Type  H <return>  for immediate help.
 ...                                              
                                                  
l.377 ...gin{table}[results of the Step Down Beam]
                                                  
Option `S' ignored and `p' used.


! LaTeX Error: Unknown float option `e'.

See the LaTeX manual or LaTeX Companion for explanation.
Type  H <return>  for immediate help.
 ...                                              
                                                  
l.377 ...gin{table}[results of the Step Down Beam]
                                                  
Option `e' ignored and `p' used.


! LaTeX Error: Unknown float option `D'.

See the LaTeX manual or LaTeX Companion for explanation.
Type  H <return>  for immediate help.
 ...                                              
                                                  
l.377 ...gin{table}[results of the Step Down Beam]
                                                  
Option `D' ignored and `p' used.


! LaTeX Error: Unknown float option `o'.

See the LaTeX manual or LaTeX Companion for explanation.
Type  H <return>  for immediate help.
 ...                                              
                                                  
l.377 ...gin{table}[results of the Step Down Beam]
                                                  
Option `o' ignored and `p' used.


! LaTeX Error: Unknown float option `w'.

See the LaTeX manual or LaTeX Companion for explanation.
Type  H <return>  for immediate help.
 ...                                              
                                                  
l.377 ...gin{table}[results of the Step Down Beam]
                                                  
Option `w' ignored and `p' used.


! LaTeX Error: Unknown float option `n'.

See the LaTeX manual or LaTeX Companion for explanation.
Type  H <return>  for immediate help.
 ...                                              
                                                  
l.377 ...gin{table}[results of the Step Down Beam]
                                                  
Option `n' ignored and `p' used.


! LaTeX Error: Unknown float option `B'.

See the LaTeX manual or LaTeX Companion for explanation.
Type  H <return>  for immediate help.
 ...                                              
                                                  
l.377 ...gin{table}[results of the Step Down Beam]
                                                  
Option `B' ignored and `p' used.


! LaTeX Error: Unknown float option `e'.

See the LaTeX manual or LaTeX Companion for explanation.
Type  H <return>  for immediate help.
 ...                                              
                                                  
l.377 ...gin{table}[results of the Step Down Beam]
                                                  
Option `e' ignored and `p' used.


! LaTeX Error: Unknown float option `a'.

See the LaTeX manual or LaTeX Companion for explanation.
Type  H <return>  for immediate help.
 ...                                              
                                                  
l.377 ...gin{table}[results of the Step Down Beam]
                                                  
Option `a' ignored and `p' used.


! LaTeX Error: Unknown float option `m'.

See the LaTeX manual or LaTeX Companion for explanation.
Type  H <return>  for immediate help.
 ...                                              
                                                  
l.377 ...gin{table}[results of the Step Down Beam]
                                                  
Option `m' ignored and `p' used.


! LaTeX Error: Illegal character in array arg.

See the LaTeX manual or LaTeX Companion for explanation.
Type  H <return>  for immediate help.
 ...                                              
                                                  
l.378 		\begin{tabular}{1|1}
                            
You're in trouble here.  Try typing  <return>  to proceed.
If that doesn't work, type  X <return>  to quit.


! LaTeX Error: Illegal character in array arg.

See the LaTeX manual or LaTeX Companion for explanation.
Type  H <return>  for immediate help.
 ...                                              
                                                  
l.378 		\begin{tabular}{1|1}
                            
You're in trouble here.  Try typing  <return>  to proceed.
If that doesn't work, type  X <return>  to quit.


Underfull \hbox (badness 10000) in paragraph at lines 393--402

 []


Underfull \hbox (badness 10000) in paragraph at lines 393--402

 []

[13]
Underfull \hbox (badness 10000) in paragraph at lines 403--407

 []


Underfull \hbox (badness 10000) in paragraph at lines 408--410

 []


Underfull \hbox (badness 10000) in paragraph at lines 411--416

 []


Underfull \hbox (badness 10000) in paragraph at lines 417--420

 []


Underfull \hbox (badness 10000) in paragraph at lines 421--428

 []


Overfull \hbox (24.15985pt too wide) in paragraph at lines 429--432
\T1/cmr/m/n/10 Crime = pd.read_csv("communities.data", header=None, sep=",", en
-gine='python') 
 []


Underfull \hbox (badness 10000) in paragraph at lines 429--432

 []


Underfull \hbox (badness 10000) in paragraph at lines 433--436

 []


Underfull \hbox (badness 10000) in paragraph at lines 437--441

 []

[14]
Underfull \hbox (badness 10000) in paragraph at lines 442--445

 []


Underfull \hbox (badness 10000) in paragraph at lines 446--449

 []


Underfull \hbox (badness 10000) in paragraph at lines 450--453

 []


Underfull \hbox (badness 10000) in paragraph at lines 454--462

 []


Underfull \hbox (badness 10000) in paragraph at lines 463--479

 []


Underfull \hbox (badness 10000) in paragraph at lines 463--479

 []


Underfull \hbox (badness 10000) in paragraph at lines 463--479

 []


Underfull \hbox (badness 10000) in paragraph at lines 463--479

 []


Underfull \hbox (badness 10000) in paragraph at lines 463--479

 []


Underfull \hbox (badness 10000) in paragraph at lines 463--479

 []


Underfull \hbox (badness 10000) in paragraph at lines 463--479

 []


Underfull \hbox (badness 10000) in paragraph at lines 463--479

 []

<Figure.png, id=65, 462.528pt x 346.896pt>
File: Figure.png Graphic file (type png)
<use Figure.png>
Package pdftex.def Info: Figure.png  used on input line 482.
(pdftex.def)             Requested size: 323.76738pt x 242.82553pt.

Underfull \hbox (badness 10000) in paragraph at lines 489--494

 []

[15]
Underfull \hbox (badness 10000) in paragraph at lines 495--499

 []


Underfull \hbox (badness 10000) in paragraph at lines 500--502

 []


Underfull \hbox (badness 10000) in paragraph at lines 503--509

 []


Underfull \hbox (badness 10000) in paragraph at lines 503--509

 []


Underfull \hbox (badness 10000) in paragraph at lines 503--509

 []


Underfull \hbox (badness 10000) in paragraph at lines 510--511

 []

[16 <./Figure.png>]
Underfull \hbox (badness 10000) in paragraph at lines 512--521

 []


Underfull \hbox (badness 10000) in paragraph at lines 512--521

 []


Underfull \hbox (badness 10000) in paragraph at lines 512--521

 []


Underfull \hbox (badness 10000) in paragraph at lines 512--521

 []


Underfull \hbox (badness 10000) in paragraph at lines 512--521

 []


Underfull \hbox (badness 10000) in paragraph at lines 522--531

 []


Overfull \hbox (671.11298pt too wide) in paragraph at lines 534--538
\T1/cmr/m/n/10 x <- cbind(rep(1, nu-mObs),communitiesdata$V18,communitiesdata$V
27,communitiesdata$V28,communitiesdata$V32,communitiesdata$V33,communitiesdata$
V38,communitiesdata$V91,communitiesdata$V77,communitiesdata$V96) 
 []


Underfull \hbox (badness 10000) in paragraph at lines 534--538

 []


Underfull \hbox (badness 10000) in paragraph at lines 539--542

 []


Underfull \hbox (badness 10000) in paragraph at lines 543--556

 []


Underfull \hbox (badness 10000) in paragraph at lines 543--556

 []


Underfull \hbox (badness 10000) in paragraph at lines 543--556

 []


Underfull \hbox (badness 10000) in paragraph at lines 543--556

 []


Underfull \hbox (badness 10000) in paragraph at lines 543--556

 []


Underfull \hbox (badness 10000) in paragraph at lines 543--556

 []


Underfull \hbox (badness 10000) in paragraph at lines 543--556

 []


Underfull \hbox (badness 10000) in paragraph at lines 543--556

 []

<Rplot.png, id=73, 408.77719pt x 404.26031pt>
File: Rplot.png Graphic file (type png)
<use Rplot.png>
Package pdftex.def Info: Rplot.png  used on input line 558.
(pdftex.def)             Requested size: 286.14207pt x 282.98029pt.
[17] [18 <./Rplot.png>]
Overfull \hbox (68.90207pt too wide) in paragraph at lines 573--574
[][][][][][][][][][][][][][][][][][][][]
 []


Overfull \hbox (2.9177pt too wide) in paragraph at lines 581--582
[][][][][][][][][][][][][][][][][][][][][][][][] 
 []


Overfull \hbox (50.90634pt too wide) in paragraph at lines 597--598
[][][][][][][][][][][][][][][][][][][][][][][][][][][][][][][][] 
 []


Overfull \hbox (110.89215pt too wide) in paragraph at lines 606--607
[][][][][][][][][][][][][][][][][][] 
 []


Overfull \hbox (68.90208pt too wide) in paragraph at lines 608--609
[][][][][][][][][][][][][][][][][][][][][][][][][][][] 
 []

[19]
(C:\Users\Panagiotis\AppData\Local\Programs\MiKTeX\tex/latex/listings\lstlang1.
sty
File: lstlang1.sty 2020/03/24 1.8d listings language file
)
Overfull \hbox (2.9177pt too wide) in paragraph at lines 639--640
[][][][][][][][][][][][][][][][][] 
 []


Overfull \hbox (38.90918pt too wide) in paragraph at lines 645--646
[][][][][][][][][][][][][][][][][][] 
 []


Overfull \hbox (20.91344pt too wide) in paragraph at lines 648--649
[][][][][][][][][][][][][][] 
 []

[20]
Overfull \hbox (50.90634pt too wide) in paragraph at lines 657--658
[][][][][][] 
 []


Overfull \hbox (122.88931pt too wide) in paragraph at lines 658--659
[][][][][][][][][][][][][][][][][][][][][][][][][][][][][][] 
 []


Overfull \hbox (38.90918pt too wide) in paragraph at lines 659--660
[][][][] 
 []

[21]
Overfull \hbox (86.89783pt too wide) in paragraph at lines 665--666
[][][][][][][][][][][][][][][][][] 
 []


Overfull \hbox (68.90208pt too wide) in paragraph at lines 667--668
[][][][][][][][][][][][][][][][][][][][][][][][][][][] 
 []

[22]
Overfull \hbox (2.9177pt too wide) in paragraph at lines 679--680
[][][][][][][][][][][][][][][][][] 
 []


Overfull \hbox (260.85667pt too wide) in paragraph at lines 680--681
[][][][][][][][][][][][][][][][][][][][][][][][][][][][][][][][][][][] 
 []


Overfull \hbox (182.87512pt too wide) in paragraph at lines 687--688
[][][][][][][][][][][][][][][][][][][][][][][][][][] 
 []


Overfull \hbox (50.90634pt too wide) in paragraph at lines 693--694
[][][][][][] 
 []


Overfull \hbox (38.90918pt too wide) in paragraph at lines 696--698
[][][][] 
 []


Overfull \hbox (44.90776pt too wide) in paragraph at lines 704--705
[][][][][][][][][][][][][][][][][][][][][][][][][][][][][][][][][][][][][][][][
][][][] 
 []


Overfull \hbox (164.87938pt too wide) in paragraph at lines 710--711
[][][][][][][][][][][][][][][][][][][][][][][][][][][][][][][][][][][][][][][][
][][][][][][][][][][][][] 
 []

[23]
Overfull \hbox (26.91202pt too wide) in paragraph at lines 720--721
[][][][][][][][][][][][][][][][][][][]
 []


Overfull \hbox (50.90634pt too wide) in paragraph at lines 727--728
[][][][][][][][][][][][][][][][][][][][][][][][][] 
 []


Overfull \hbox (8.91628pt too wide) in paragraph at lines 731--732
[][][][][][][][][][][][][][][][][][][] 
 []


Overfull \hbox (50.90634pt too wide) in paragraph at lines 734--735
[][][][][][][][][][][][][][][][][][][][][] 
 []


Overfull \hbox (26.91202pt too wide) in paragraph at lines 735--736
[][][][][][][][][][][][][][][][][][][][][] 
 []


Overfull \hbox (62.9035pt too wide) in paragraph at lines 738--739
[][][][][][][][][][][][][][][][] 
 []


Overfull \hbox (116.89073pt too wide) in paragraph at lines 739--740
[][][][][][][][][][][][][][][][][] 
 []


Overfull \hbox (32.9106pt too wide) in paragraph at lines 742--743
[][][][][][][][][][][][][][][][] 
 []


Overfull \hbox (38.90918pt too wide) in paragraph at lines 743--744
[][][][][][][][][][][][][][][][][] 
 []


Overfull \hbox (158.8808pt too wide) in paragraph at lines 757--758
[][][][][][][][][][][][][][][][][][][][] 
 []


Overfull \hbox (362.83255pt too wide) in paragraph at lines 759--760
[][][][][][][][][][][][][][][][][][][][][][][][][][][][][][][][][][][][][][][][
] 
 []


Overfull \hbox (140.88506pt too wide) in paragraph at lines 760--761
[][][][][][][][][][][][][][][][][][][][][][][][][][][][][][][][][][][] 
 []


Overfull \hbox (38.90918pt too wide) in paragraph at lines 761--762
[][][][][][][][][][][][][][][][][][][][][][][][][][][] 
 []


Overfull \hbox (458.80984pt too wide) in paragraph at lines 763--764
[][][][][][][][][][][][][][][][][][][][][][][][][][][][][][][][][][][][][][][][
][][][][][][][][][][][][][][][][][][][][][][][] 
 []

[24] (Managing Big Data Second Assigment.aux) ) 
Here is how much of TeX's memory you used:
 7116 strings out of 476374
 107008 string characters out of 5786494
 1917340 words of memory out of 5000000
 27407 multiletter control sequences out of 15000+600000
 526154 words of font info for 69 fonts, out of 8000000 for 9000
 1141 hyphenation exceptions out of 8191
 62i,9n,67p,1184b,1800s stack positions out of 10000i,1000n,20000p,200000b,200000s
 <C:\Users\Panagiotis\AppData\Lo
cal\MiKTeX\fonts/pk/ljfour/jknappen/ec/dpi600\ecti1000.pk> <C:\Users\Panagiotis
\AppData\Local\MiKTeX\fonts/pk/ljfour/jknappen/ec/dpi600\tcrm1000.pk> <C:\Users
\Panagiotis\AppData\Local\MiKTeX\fonts/pk/ljfour/jknappen/ec/dpi600\tcbx1000.pk
> <C:\Users\Panagiotis\AppData\Local\MiKTeX\fonts/pk/ljfour/jknappen/ec/dpi600\
ecbx1000.pk> <C:\Users\Panagiotis\AppData\Local\MiKTeX\fonts/pk/ljfour/jknappen
/ec/dpi600\ecbx1440.pk> <C:\Users\Panagiotis\AppData\Local\MiKTeX\fonts/pk/ljfo
ur/jknappen/ec/dpi600\ecrm1000.pk> <C:\Users\Panagiotis\AppData\Local\MiKTeX\fo
nts/pk/ljfour/jknappen/ec/dpi600\ecrm1200.pk> <C:\Users\Panagiotis\AppData\Loca
l\MiKTeX\fonts/pk/ljfour/jknappen/ec/dpi600\ecbx1200.pk> <C:\Users\Panagiotis\A
ppData\Local\MiKTeX\fonts/pk/ljfour/jknappen/ec/dpi600\ecrm1728.pk> <C:\Users\P
anagiotis\AppData\Local\MiKTeX\fonts/pk/ljfour/jknappen/ec/dpi600\ecrm2488.pk><
C:/Users/Panagiotis/AppData/Local/Programs/MiKTeX/fonts/type1/public/amsfonts/c
m/cmmi10.pfb><C:/Users/Panagiotis/AppData/Local/Programs/MiKTeX/fonts/type1/pub
lic/amsfonts/cm/cmmi7.pfb><C:/Users/Panagiotis/AppData/Local/Programs/MiKTeX/fo
nts/type1/public/amsfonts/cm/cmr10.pfb><C:/Users/Panagiotis/AppData/Local/Progr
ams/MiKTeX/fonts/type1/public/amsfonts/cm/cmr7.pfb><C:/Users/Panagiotis/AppData
/Local/Programs/MiKTeX/fonts/type1/public/amsfonts/cm/cmsy10.pfb>
Output written on "Managing Big Data Second Assigment.pdf" (24 pages, 234341 by
tes).
PDF statistics:
 393 PDF objects out of 1000 (max. 8388607)
 0 named destinations out of 1000 (max. 500000)
 21 words of extra memory for PDF output out of 10000 (max. 10000000)

